<?xml version="1.0" encoding="UTF-8"?>
<!-- Generated by org.testng.reporters.JUnitXMLReporter -->
<testsuite ignored="0" hostname="Yashwanth" failures="1" tests="11" name="Regression Cycle" time="62.021" errors="0" timestamp="2026-01-09T11:52:41 IST">
  <testcase classname="project.Class1" name="uivalidation" time="0.23"/>
  <testcase classname="project.Class2" name="check" time="0.068"/>
  <testcase classname="project.Class3" name="dataEntry" time="3.295"/>
  <testcase classname="project.Class3" name="dataEntry" time="3.326"/>
  <testcase classname="project.Class3" name="dataEntry" time="3.306"/>
  <testcase classname="project.Class3" name="dataEntry" time="3.311"/>
  <testcase classname="project.Class3" name="dataEntry" time="3.256"/>
  <testcase classname="project.Class3" name="dataEntry" time="3.259"/>
  <testcase classname="project.Class3" name="dataEntry" time="3.27"/>
  <testcase classname="project.Class4" name="aboutPageValidation" time="0.944"/>
  <testcase classname="project.Class5" name="bugValidation" time="4.233">
    <failure type="java.lang.AssertionError" message="expected [Please enter an integer] but found []">
      <![CDATA[java.lang.AssertionError: expected [Please enter an integer] but found []
at project.Class5.bugValidation(Class5.java:20)
at java.base/java.util.ArrayList.forEach(ArrayList.java:1596)
... Removed 31 stack frames]]>
    </failure>
  </testcase> <!-- bugValidation -->
</testsuite> <!-- Regression Cycle -->
