<?xml version="1.0" encoding="UTF-8"?>
<!-- Generated by org.testng.reporters.JUnitReportReporter -->
<testsuite hostname="Yashwanth" failures="0" tests="7" name="project.Class3" time="43.047" errors="0" timestamp="2026-01-09T11:52:42 IST" skipped="0">
  <testcase classname="project.Class3" name="dataEntry" time="5.459"/>
  <testcase classname="project.Class3" name="dataEntry" time="5.769"/>
  <testcase classname="project.Class3" name="dataEntry" time="5.793"/>
  <testcase classname="project.Class3" name="dataEntry" time="5.904"/>
  <testcase classname="project.Class3" name="dataEntry" time="7.101"/>
  <testcase classname="project.Class3" name="dataEntry" time="5.645"/>
  <testcase classname="project.Class3" name="dataEntry" time="7.376"/>
</testsuite> <!-- project.Class3 -->
