<?xml version="1.0" encoding="UTF-8"?>
<!-- Generated by org.testng.reporters.JUnitXMLReporter -->
<testsuite ignored="0" hostname="Yashwanth" failures="0" tests="5" name="E-Commerce Tests" time="62.394" errors="0" timestamp="2026-01-09T13:09:59 IST">
  <testcase classname="project.Class1" name="dataEntry" time="3.642"/>
  <testcase classname="project.Class2" name="brandFiltering" time="5.937"/>
  <testcase classname="project.Class3" name="sortFilter" time="3.614"/>
  <testcase classname="project.Class4" name="priceCalculation" time="4.253"/>
  <testcase classname="project.Class5" name="cartFunctionality" time="13.401"/>
</testsuite> <!-- E-Commerce Tests -->
