<?xml version="1.0" encoding="UTF-8"?>
<testng-results ignored="0" total="11" passed="10" failed="1" skipped="0">
  <reporter-output>
  </reporter-output>
  <suite started-at="2026-01-09T11:51:39 IST" name="Regression Suite" finished-at="2026-01-09T11:52:41 IST" duration-ms="62021">
    <groups>
    </groups>
    <test started-at="2026-01-09T11:51:39 IST" name="Regression Cycle" finished-at="2026-01-09T11:52:41 IST" duration-ms="62021">
      <class name="project.Class4">
        <test-method is-config="true" signature="launchApp(java.lang.String)[pri:0, instance:project.Class4@45752059]" started-at="2026-01-09T11:52:30 IST" name="launchApp" finished-at="2026-01-09T11:52:33 IST" duration-ms="2578" status="PASS">
          <params>
            <param index="0">
              <value>
                <![CDATA[chrome]]>
              </value>
            </param>
          </params>
          <reporter-output>
          </reporter-output>
        </test-method> <!-- launchApp -->
        <test-method signature="aboutPageValidation()[pri:0, instance:project.Class4@45752059]" started-at="2026-01-09T11:52:33 IST" name="aboutPageValidation" finished-at="2026-01-09T11:52:34 IST" duration-ms="944" status="PASS">
          <reporter-output>
          </reporter-output>
        </test-method> <!-- aboutPageValidation -->
        <test-method is-config="true" signature="closeApp()[pri:0, instance:project.Class4@45752059]" started-at="2026-01-09T11:52:34 IST" name="closeApp" finished-at="2026-01-09T11:52:34 IST" duration-ms="165" status="PASS">
          <reporter-output>
          </reporter-output>
        </test-method> <!-- closeApp -->
      </class> <!-- project.Class4 -->
      <class name="project.Class3">
        <test-method is-config="true" signature="launchApp(java.lang.String)[pri:0, instance:project.Class3@36ebc363]" started-at="2026-01-09T11:51:47 IST" name="launchApp" finished-at="2026-01-09T11:51:51 IST" duration-ms="3593" status="PASS">
          <params>
            <param index="0">
              <value>
                <![CDATA[chrome]]>
              </value>
            </param>
          </params>
          <reporter-output>
          </reporter-output>
        </test-method> <!-- launchApp -->
        <test-method signature="dataEntry(java.lang.String)[pri:0, instance:project.Class3@36ebc363]" started-at="2026-01-09T11:51:51 IST" name="dataEntry" data-provider="Factorial" finished-at="2026-01-09T11:51:54 IST" duration-ms="3295" status="PASS">
          <params>
            <param index="0">
              <value>
                <![CDATA[4]]>
              </value>
            </param>
          </params>
          <reporter-output>
          </reporter-output>
        </test-method> <!-- dataEntry -->
        <test-method is-config="true" signature="closeApp()[pri:0, instance:project.Class3@36ebc363]" started-at="2026-01-09T11:51:54 IST" name="closeApp" finished-at="2026-01-09T11:51:54 IST" duration-ms="108" status="PASS">
          <reporter-output>
          </reporter-output>
        </test-method> <!-- closeApp -->
        <test-method is-config="true" signature="launchApp(java.lang.String)[pri:0, instance:project.Class3@36ebc363]" started-at="2026-01-09T11:51:54 IST" name="launchApp" finished-at="2026-01-09T11:51:58 IST" duration-ms="3944" status="PASS">
          <params>
            <param index="0">
              <value>
                <![CDATA[chrome]]>
              </value>
            </param>
          </params>
          <reporter-output>
          </reporter-output>
        </test-method> <!-- launchApp -->
        <test-method signature="dataEntry(java.lang.String)[pri:0, instance:project.Class3@36ebc363]" started-at="2026-01-09T11:51:58 IST" name="dataEntry" data-provider="Factorial" finished-at="2026-01-09T11:52:02 IST" duration-ms="3326" status="PASS">
          <params>
            <param index="0">
              <value>
                <![CDATA[5]]>
              </value>
            </param>
          </params>
          <reporter-output>
          </reporter-output>
        </test-method> <!-- dataEntry -->
        <test-method is-config="true" signature="closeApp()[pri:0, instance:project.Class3@36ebc363]" started-at="2026-01-09T11:52:02 IST" name="closeApp" finished-at="2026-01-09T11:52:02 IST" duration-ms="150" status="PASS">
          <reporter-output>
          </reporter-output>
        </test-method> <!-- closeApp -->
        <test-method is-config="true" signature="launchApp(java.lang.String)[pri:0, instance:project.Class3@36ebc363]" started-at="2026-01-09T11:52:02 IST" name="launchApp" finished-at="2026-01-09T11:52:04 IST" duration-ms="2428" status="PASS">
          <params>
            <param index="0">
              <value>
                <![CDATA[chrome]]>
              </value>
            </param>
          </params>
          <reporter-output>
          </reporter-output>
        </test-method> <!-- launchApp -->
        <test-method signature="dataEntry(java.lang.String)[pri:0, instance:project.Class3@36ebc363]" started-at="2026-01-09T11:52:04 IST" name="dataEntry" data-provider="Factorial" finished-at="2026-01-09T11:52:08 IST" duration-ms="3306" status="PASS">
          <params>
            <param index="0">
              <value>
                <![CDATA[6]]>
              </value>
            </param>
          </params>
          <reporter-output>
          </reporter-output>
        </test-method> <!-- dataEntry -->
        <test-method is-config="true" signature="closeApp()[pri:0, instance:project.Class3@36ebc363]" started-at="2026-01-09T11:52:08 IST" name="closeApp" finished-at="2026-01-09T11:52:08 IST" duration-ms="162" status="PASS">
          <reporter-output>
          </reporter-output>
        </test-method> <!-- closeApp -->
        <test-method is-config="true" signature="launchApp(java.lang.String)[pri:0, instance:project.Class3@36ebc363]" started-at="2026-01-09T11:52:08 IST" name="launchApp" finished-at="2026-01-09T11:52:10 IST" duration-ms="2281" status="PASS">
          <params>
            <param index="0">
              <value>
                <![CDATA[chrome]]>
              </value>
            </param>
          </params>
          <reporter-output>
          </reporter-output>
        </test-method> <!-- launchApp -->
        <test-method signature="dataEntry(java.lang.String)[pri:0, instance:project.Class3@36ebc363]" started-at="2026-01-09T11:52:10 IST" name="dataEntry" data-provider="Factorial" finished-at="2026-01-09T11:52:13 IST" duration-ms="3311" status="PASS">
          <params>
            <param index="0">
              <value>
                <![CDATA[7]]>
              </value>
            </param>
          </params>
          <reporter-output>
          </reporter-output>
        </test-method> <!-- dataEntry -->
        <test-method is-config="true" signature="closeApp()[pri:0, instance:project.Class3@36ebc363]" started-at="2026-01-09T11:52:13 IST" name="closeApp" finished-at="2026-01-09T11:52:14 IST" duration-ms="197" status="PASS">
          <reporter-output>
          </reporter-output>
        </test-method> <!-- closeApp -->
        <test-method is-config="true" signature="launchApp(java.lang.String)[pri:0, instance:project.Class3@36ebc363]" started-at="2026-01-09T11:52:14 IST" name="launchApp" finished-at="2026-01-09T11:52:16 IST" duration-ms="2312" status="PASS">
          <params>
            <param index="0">
              <value>
                <![CDATA[chrome]]>
              </value>
            </param>
          </params>
          <reporter-output>
          </reporter-output>
        </test-method> <!-- launchApp -->
        <test-method signature="dataEntry(java.lang.String)[pri:0, instance:project.Class3@36ebc363]" started-at="2026-01-09T11:52:16 IST" name="dataEntry" data-provider="Factorial" finished-at="2026-01-09T11:52:19 IST" duration-ms="3256" status="PASS">
          <params>
            <param index="0">
              <value>
                <![CDATA[8]]>
              </value>
            </param>
          </params>
          <reporter-output>
          </reporter-output>
        </test-method> <!-- dataEntry -->
        <test-method is-config="true" signature="closeApp()[pri:0, instance:project.Class3@36ebc363]" started-at="2026-01-09T11:52:19 IST" name="closeApp" finished-at="2026-01-09T11:52:19 IST" duration-ms="176" status="PASS">
          <reporter-output>
          </reporter-output>
        </test-method> <!-- closeApp -->
        <test-method is-config="true" signature="launchApp(java.lang.String)[pri:0, instance:project.Class3@36ebc363]" started-at="2026-01-09T11:52:19 IST" name="launchApp" finished-at="2026-01-09T11:52:21 IST" duration-ms="2213" status="PASS">
          <params>
            <param index="0">
              <value>
                <![CDATA[chrome]]>
              </value>
            </param>
          </params>
          <reporter-output>
          </reporter-output>
        </test-method> <!-- launchApp -->
        <test-method signature="dataEntry(java.lang.String)[pri:0, instance:project.Class3@36ebc363]" started-at="2026-01-09T11:52:21 IST" name="dataEntry" data-provider="Factorial" finished-at="2026-01-09T11:52:25 IST" duration-ms="3259" status="PASS">
          <params>
            <param index="0">
              <value>
                <![CDATA[9]]>
              </value>
            </param>
          </params>
          <reporter-output>
          </reporter-output>
        </test-method> <!-- dataEntry -->
        <test-method is-config="true" signature="closeApp()[pri:0, instance:project.Class3@36ebc363]" started-at="2026-01-09T11:52:25 IST" name="closeApp" finished-at="2026-01-09T11:52:25 IST" duration-ms="175" status="PASS">
          <reporter-output>
          </reporter-output>
        </test-method> <!-- closeApp -->
        <test-method is-config="true" signature="launchApp(java.lang.String)[pri:0, instance:project.Class3@36ebc363]" started-at="2026-01-09T11:52:25 IST" name="launchApp" finished-at="2026-01-09T11:52:27 IST" duration-ms="2092" status="PASS">
          <params>
            <param index="0">
              <value>
                <![CDATA[chrome]]>
              </value>
            </param>
          </params>
          <reporter-output>
          </reporter-output>
        </test-method> <!-- launchApp -->
        <test-method signature="dataEntry(java.lang.String)[pri:0, instance:project.Class3@36ebc363]" started-at="2026-01-09T11:52:27 IST" name="dataEntry" data-provider="Factorial" finished-at="2026-01-09T11:52:30 IST" duration-ms="3270" status="PASS">
          <params>
            <param index="0">
              <value>
                <![CDATA[10]]>
              </value>
            </param>
          </params>
          <reporter-output>
          </reporter-output>
        </test-method> <!-- dataEntry -->
        <test-method is-config="true" signature="closeApp()[pri:0, instance:project.Class3@36ebc363]" started-at="2026-01-09T11:52:30 IST" name="closeApp" finished-at="2026-01-09T11:52:30 IST" duration-ms="193" status="PASS">
          <reporter-output>
          </reporter-output>
        </test-method> <!-- closeApp -->
      </class> <!-- project.Class3 -->
      <class name="project.Class5">
        <test-method is-config="true" signature="launchApp(java.lang.String)[pri:0, instance:project.Class5@34e9fd99]" started-at="2026-01-09T11:52:34 IST" name="launchApp" finished-at="2026-01-09T11:52:37 IST" duration-ms="2887" status="PASS">
          <params>
            <param index="0">
              <value>
                <![CDATA[chrome]]>
              </value>
            </param>
          </params>
          <reporter-output>
          </reporter-output>
        </test-method> <!-- launchApp -->
        <test-method signature="bugValidation()[pri:0, instance:project.Class5@34e9fd99]" started-at="2026-01-09T11:52:37 IST" name="bugValidation" finished-at="2026-01-09T11:52:41 IST" duration-ms="4233" status="FAIL">
          <exception class="java.lang.AssertionError">
            <message>
              <![CDATA[expected [Please enter an integer] but found []]]>
            </message>
            <full-stacktrace>
              <![CDATA[java.lang.AssertionError: expected [Please enter an integer] but found []
at org.testng.Assert.fail(Assert.java:111)
at org.testng.Assert.failNotEquals(Assert.java:1578)
at org.testng.Assert.assertEqualsImpl(Assert.java:150)
at org.testng.Assert.assertEquals(Assert.java:132)
at org.testng.Assert.assertEquals(Assert.java:656)
at org.testng.Assert.assertEquals(Assert.java:666)
at project.Class5.bugValidation(Class5.java:20)
at java.base/jdk.internal.reflect.DirectMethodHandleAccessor.invoke(DirectMethodHandleAccessor.java:103)
at java.base/java.lang.reflect.Method.invoke(Method.java:580)
at org.testng.internal.invokers.MethodInvocationHelper.invokeMethod(MethodInvocationHelper.java:139)
at org.testng.internal.invokers.TestInvoker.invokeMethod(TestInvoker.java:664)
at org.testng.internal.invokers.TestInvoker.invokeTestMethod(TestInvoker.java:228)
at org.testng.internal.invokers.MethodRunner.runInSequence(MethodRunner.java:63)
at org.testng.internal.invokers.TestInvoker$MethodInvocationAgent.invoke(TestInvoker.java:961)
at org.testng.internal.invokers.TestInvoker.invokeTestMethods(TestInvoker.java:201)
at org.testng.internal.invokers.TestMethodWorker.invokeTestMethods(TestMethodWorker.java:148)
at org.testng.internal.invokers.TestMethodWorker.run(TestMethodWorker.java:128)
at java.base/java.util.ArrayList.forEach(ArrayList.java:1596)
at org.testng.TestRunner.privateRun(TestRunner.java:819)
at org.testng.TestRunner.run(TestRunner.java:619)
at org.testng.SuiteRunner.runTest(SuiteRunner.java:443)
at org.testng.SuiteRunner.runSequentially(SuiteRunner.java:437)
at org.testng.SuiteRunner.privateRun(SuiteRunner.java:397)
at org.testng.SuiteRunner.run(SuiteRunner.java:336)
at org.testng.SuiteRunnerWorker.runSuite(SuiteRunnerWorker.java:52)
at org.testng.SuiteRunnerWorker.run(SuiteRunnerWorker.java:95)
at org.testng.TestNG.runSuitesSequentially(TestNG.java:1301)
at org.testng.TestNG.runSuitesLocally(TestNG.java:1228)
at org.testng.TestNG.runSuites(TestNG.java:1134)
at org.testng.TestNG.run(TestNG.java:1101)
at org.testng.remote.AbstractRemoteTestNG.run(AbstractRemoteTestNG.java:115)
at org.testng.remote.RemoteTestNG.initAndRun(RemoteTestNG.java:293)
at org.testng.remote.RemoteTestNG.main(RemoteTestNG.java:91)
]]>
            </full-stacktrace>
          </exception> <!-- java.lang.AssertionError -->
          <reporter-output>
          </reporter-output>
        </test-method> <!-- bugValidation -->
        <test-method is-config="true" signature="closeApp()[pri:0, instance:project.Class5@34e9fd99]" started-at="2026-01-09T11:52:41 IST" name="closeApp" finished-at="2026-01-09T11:52:41 IST" duration-ms="186" status="PASS">
          <reporter-output>
          </reporter-output>
        </test-method> <!-- closeApp -->
      </class> <!-- project.Class5 -->
      <class name="project.Class2">
        <test-method is-config="true" signature="launchApp(java.lang.String)[pri:0, instance:project.Class2@22555ebf]" started-at="2026-01-09T11:51:44 IST" name="launchApp" finished-at="2026-01-09T11:51:47 IST" duration-ms="2629" status="PASS">
          <params>
            <param index="0">
              <value>
                <![CDATA[chrome]]>
              </value>
            </param>
          </params>
          <reporter-output>
          </reporter-output>
        </test-method> <!-- launchApp -->
        <test-method signature="check()[pri:0, instance:project.Class2@22555ebf]" started-at="2026-01-09T11:51:47 IST" name="check" finished-at="2026-01-09T11:51:47 IST" duration-ms="68" status="PASS">
          <reporter-output>
          </reporter-output>
        </test-method> <!-- check -->
        <test-method is-config="true" signature="closeApp()[pri:0, instance:project.Class2@22555ebf]" started-at="2026-01-09T11:51:47 IST" name="closeApp" finished-at="2026-01-09T11:51:47 IST" duration-ms="196" status="PASS">
          <reporter-output>
          </reporter-output>
        </test-method> <!-- closeApp -->
      </class> <!-- project.Class2 -->
      <class name="project.Class1">
        <test-method is-config="true" signature="launchApp(java.lang.String)[pri:0, instance:project.Class1@6302bbb1]" started-at="2026-01-09T11:51:39 IST" name="launchApp" finished-at="2026-01-09T11:51:44 IST" duration-ms="4480" status="PASS">
          <params>
            <param index="0">
              <value>
                <![CDATA[chrome]]>
              </value>
            </param>
          </params>
          <reporter-output>
          </reporter-output>
        </test-method> <!-- launchApp -->
        <test-method signature="uivalidation()[pri:0, instance:project.Class1@6302bbb1]" started-at="2026-01-09T11:51:44 IST" name="uivalidation" finished-at="2026-01-09T11:51:44 IST" duration-ms="230" status="PASS">
          <reporter-output>
          </reporter-output>
        </test-method> <!-- uivalidation -->
        <test-method is-config="true" signature="closeApp()[pri:0, instance:project.Class1@6302bbb1]" started-at="2026-01-09T11:51:44 IST" name="closeApp" finished-at="2026-01-09T11:51:44 IST" duration-ms="193" status="PASS">
          <reporter-output>
          </reporter-output>
        </test-method> <!-- closeApp -->
      </class> <!-- project.Class1 -->
    </test> <!-- Regression Cycle -->
  </suite> <!-- Regression Suite -->
</testng-results>
