<?xml version="1.0" encoding="UTF-8"?>
<!-- Generated by org.testng.reporters.JUnitXMLReporter -->
<testsuite ignored="0" hostname="Yashwanth" failures="1" tests="11" name="Chrome Test" time="91.532" errors="0" timestamp="2025-12-05T19:10:52 IST">
  <testcase classname="project.Class1" name="uivalidation" time="0.848"/>
  <testcase classname="project.Class2" name="check" time="0.545"/>
  <testcase classname="project.Class3" name="dataEntry" time="4.298"/>
  <testcase classname="project.Class3" name="dataEntry" time="5.917"/>
  <testcase classname="project.Class3" name="dataEntry" time="4.153"/>
  <testcase classname="project.Class3" name="dataEntry" time="4.453"/>
  <testcase classname="project.Class3" name="dataEntry" time="4.157"/>
  <testcase classname="project.Class3" name="dataEntry" time="4.224"/>
  <testcase classname="project.Class3" name="dataEntry" time="4.479"/>
  <testcase classname="project.Class4" name="aboutPageValidation" time="2.476"/>
  <testcase classname="project.Class5" name="bugValidation" time="5.018">
    <failure type="java.lang.AssertionError" message="expected [Please enter an integer] but found []">
      <![CDATA[java.lang.AssertionError: expected [Please enter an integer] but found []
at project.Class5.bugValidation(Class5.java:20)
at java.base/java.util.ArrayList.forEach(ArrayList.java:1596)
at java.base/java.util.concurrent.FutureTask.run(FutureTask.java:317)
at java.base/java.util.concurrent.ThreadPoolExecutor.runWorker(ThreadPoolExecutor.java:1144)
at java.base/java.util.concurrent.ThreadPoolExecutor$Worker.run(ThreadPoolExecutor.java:642)
at java.base/java.lang.Thread.run(Thread.java:1583)
... Removed 21 stack frames]]>
    </failure>
  </testcase> <!-- bugValidation -->
</testsuite> <!-- Chrome Test -->
