<?xml version="1.0" encoding="UTF-8"?>
<!-- Generated by org.testng.reporters.JUnitXMLReporter -->
<testsuite ignored="0" hostname="Yashwanth" failures="1" tests="11" name="Edge Test" time="91.605" errors="0" timestamp="2025-12-05T19:10:52 IST">
  <testcase classname="project.Class1" name="uivalidation" time="0.969"/>
  <testcase classname="project.Class2" name="check" time="1.086"/>
  <testcase classname="project.Class3" name="dataEntry" time="4.367"/>
  <testcase classname="project.Class3" name="dataEntry" time="4.518"/>
  <testcase classname="project.Class3" name="dataEntry" time="4.101"/>
  <testcase classname="project.Class3" name="dataEntry" time="4.804"/>
  <testcase classname="project.Class3" name="dataEntry" time="4.317"/>
  <testcase classname="project.Class3" name="dataEntry" time="4.289"/>
  <testcase classname="project.Class3" name="dataEntry" time="4.433"/>
  <testcase classname="project.Class4" name="aboutPageValidation" time="2.733"/>
  <testcase classname="project.Class5" name="bugValidation" time="5.045">
    <failure type="java.lang.AssertionError" message="expected [Please enter an integer] but found []">
      <![CDATA[java.lang.AssertionError: expected [Please enter an integer] but found []
at project.Class5.bugValidation(Class5.java:20)
at java.base/java.util.ArrayList.forEach(ArrayList.java:1596)
at java.base/java.util.concurrent.FutureTask.run(FutureTask.java:317)
at java.base/java.util.concurrent.ThreadPoolExecutor.runWorker(ThreadPoolExecutor.java:1144)
at java.base/java.util.concurrent.ThreadPoolExecutor$Worker.run(ThreadPoolExecutor.java:642)
at java.base/java.lang.Thread.run(Thread.java:1583)
... Removed 21 stack frames]]>
    </failure>
  </testcase> <!-- bugValidation -->
</testsuite> <!-- Edge Test -->
