<?xml version="1.0" encoding="UTF-8"?>
<!-- Generated by org.testng.reporters.JUnitXMLReporter -->
<testsuite ignored="0" hostname="Yashwanth" failures="1" tests="1" name="Default test(failed)" time="5.215" errors="0" timestamp="2025-11-18T10:46:20 IST">
  <testcase classname="project.Class5" name="bugValidation" time="2.406">
    <failure type="java.lang.AssertionError" message="BUG FOUND: Wrong text displayed! expected [Please enter an integer] but found []">
      <![CDATA[java.lang.AssertionError: BUG FOUND: Wrong text displayed! expected [Please enter an integer] but found []
at project.Class5.bugValidation(Class5.java:24)
at java.base/java.util.ArrayList.forEach(ArrayList.java:1596)
... Removed 30 stack frames]]>
    </failure>
  </testcase> <!-- bugValidation -->
</testsuite> <!-- Default test(failed) -->
